c:\users\egorc\source\repos\praktika\praktika\debug\vc142.pdb
c:\users\egorc\source\repos\praktika\praktika\debug\vc142.idb
c:\users\egorc\source\repos\praktika\praktika\debug\main.obj
c:\users\egorc\desktop\praktika\praktikavar1\praktika\debug\vc142.pdb
c:\users\egorc\desktop\praktika\praktikavar1\praktika\debug\vc142.idb
c:\users\egorc\desktop\praktika\praktikavar1\praktika\debug\main.obj
c:\users\egorc\source\repos\praktika\debug\praktika.exe
c:\users\egorc\source\repos\praktika\praktika\debug\praktika.ilk
c:\users\egorc\source\repos\praktika\debug\praktika.pdb
c:\users\egorc\desktop\praktika\praktikavar1\debug\praktika.exe
c:\users\egorc\desktop\praktika\praktikavar1\praktika\debug\praktika.ilk
c:\users\egorc\desktop\praktika\praktikavar1\debug\praktika.pdb
c:\users\user\desktop\пгу\1 курс\практика 1 курс\githubfile\praktika\debug\main.obj
c:\users\user\desktop\пгу\1 курс\практика 1 курс\githubfile\praktika\debug\praktika.ilk
c:\users\user\desktop\пгу\1 курс\практика 1 курс\githubfile\praktika\debug\vc142.idb
c:\users\user\desktop\пгу\1 курс\практика 1 курс\githubfile\praktika\debug\vc142.pdb
c:\users\user\desktop\пгу\1 курс\практика 1 курс\githubfile\debug\praktika.pdb
c:\users\user\desktop\пгу\1 курс\практика 1 курс\githubfile\debug\praktika.exe
c:\users\user\desktop\пгу\1 курс\практика 1 курс\githubfile\praktika\debug\praktika.tlog\cl.command.1.tlog
c:\users\user\desktop\пгу\1 курс\практика 1 курс\githubfile\praktika\debug\praktika.tlog\cl.read.1.tlog
c:\users\user\desktop\пгу\1 курс\практика 1 курс\githubfile\praktika\debug\praktika.tlog\cl.write.1.tlog
c:\users\user\desktop\пгу\1 курс\практика 1 курс\githubfile\praktika\debug\praktika.tlog\link.command.1.tlog
c:\users\user\desktop\пгу\1 курс\практика 1 курс\githubfile\praktika\debug\praktika.tlog\link.read.1.tlog
c:\users\user\desktop\пгу\1 курс\практика 1 курс\githubfile\praktika\debug\praktika.tlog\link.write.1.tlog
